<?xml version="1.0" encoding="UTF-8"?>
<!-- Generated by org.testng.reporters.JUnitXMLReporter -->
<testsuite ignored="4" hostname="home-PC" failures="0" tests="2" name="Default test" time="19.207" errors="0" timestamp="2021-01-17T21:48:29 IST">
  <testcase classname="com.orangehrm.tests.OrganizationTest" name="VerifyLoginWithValidCredentials" time="15.26"/>
  <testcase classname="com.orangehrm.tests.OrganizationTest" name="reset_location" time="3.914"/>
  <testcase classname="com.orangehrm.tests.OrganizationTest" name="search_location" time="0.0">
    <ignored/>
  </testcase> <!-- search_location -->
  <testcase classname="com.orangehrm.tests.OrganizationTest" name="GeneralInfo" time="0.0">
    <ignored/>
  </testcase> <!-- GeneralInfo -->
  <testcase classname="com.orangehrm.tests.OrganizationTest" name="addLocation" time="0.0">
    <ignored/>
  </testcase> <!-- addLocation -->
  <testcase classname="com.orangehrm.tests.OrganizationTest" name="search_validation" time="0.0">
    <ignored/>
  </testcase> <!-- search_validation -->
</testsuite> <!-- Default test -->
