<?xml version="1.0" encoding="UTF-8"?>
<!-- Generated by org.testng.reporters.JUnitXMLReporter -->
<testsuite ignored="3" hostname="home-PC" failures="0" tests="1" name="Default test" time="10.184" errors="0" timestamp="2021-01-16T11:13:26 IST">
  <testcase classname="com.orangehrm.tests.LoginTest" name="VerifyLoginWithValidCredentials" time="1.591"/>
  <testcase classname="com.orangehrm.tests.LoginTest" name="VerifyLoginWithBlankPassword" time="0.0">
    <ignored/>
  </testcase> <!-- VerifyLoginWithBlankPassword -->
  <testcase classname="com.orangehrm.tests.LoginTest" name="VerifyLoginWithBlankUsername" time="0.0">
    <ignored/>
  </testcase> <!-- VerifyLoginWithBlankUsername -->
  <testcase classname="com.orangehrm.tests.LoginTest" name="VerifyLoginWithInValidCredentials" time="0.0">
    <ignored/>
  </testcase> <!-- VerifyLoginWithInValidCredentials -->
</testsuite> <!-- Default test -->
