<?xml version="1.0" encoding="UTF-8"?>
<testng-results ignored="4" total="6" passed="2" failed="0" skipped="0">
  <reporter-output>
  </reporter-output>
  <suite started-at="2021-01-17T21:48:09 IST" name="Default suite" finished-at="2021-01-17T21:48:28 IST" duration-ms="19207">
    <groups>
    </groups>
    <test started-at="2021-01-17T21:48:09 IST" name="Default test" finished-at="2021-01-17T21:48:28 IST" duration-ms="19207">
      <class name="com.orangehrm.tests.OrganizationTest">
        <test-method is-config="true" signature="intialize()[pri:0, instance:com.orangehrm.tests.OrganizationTest@57250572]" started-at="2021-01-17T21:48:09 IST" name="intialize" finished-at="2021-01-17T21:48:09 IST" duration-ms="15" status="PASS">
          <reporter-output>
          </reporter-output>
        </test-method> <!-- intialize -->
        <test-method signature="VerifyLoginWithValidCredentials()[pri:1, instance:com.orangehrm.tests.OrganizationTest@57250572]" started-at="2021-01-17T21:48:09 IST" name="VerifyLoginWithValidCredentials" finished-at="2021-01-17T21:48:25 IST" duration-ms="15260" status="PASS">
          <reporter-output>
          </reporter-output>
        </test-method> <!-- VerifyLoginWithValidCredentials -->
        <test-method signature="reset_location()[pri:2, instance:com.orangehrm.tests.OrganizationTest@57250572]" started-at="2021-01-17T21:48:25 IST" name="reset_location" finished-at="2021-01-17T21:48:28 IST" duration-ms="3914" status="PASS">
          <reporter-output>
          </reporter-output>
        </test-method> <!-- reset_location -->
      </class> <!-- com.orangehrm.tests.OrganizationTest -->
    </test> <!-- Default test -->
  </suite> <!-- Default suite -->
</testng-results>
